Arguments: 
  /Users/michael/.nvm/versions/node/v8.12.0/bin/node /Users/michael/.yarn/bin/yarn.js add -D graphql-cli

PATH: 
  /Users/michael/.yarn/bin:/Users/michael/.yarn/bin:/Users/michael/.config/yarn/global/node_modules/.bin:/Users/michael/.yarn/bin:/Users/michael/.config/yarn/global/node_modules/.bin:/Users/michael/.nvm/versions/node/v8.12.0/bin:/Users/michael/bin:/usr/local/bin:/usr/bin:/bin:/usr/sbin:/sbin

Yarn version: 
  1.10.1

Node version: 
  8.12.0

Platform: 
  darwin x64

Trace: 
  TypeError: Cannot read property 'manifest' of undefined
      at _loop (/Users/michael/.yarn/lib/cli.js:23148:102)
      at _loop.next (<anonymous>)
      at Add.<anonymous> (/Users/michael/.yarn/lib/cli.js:23170:27)
      at Generator.next (<anonymous>)
      at step (/Users/michael/.yarn/lib/cli.js:98:30)
      at /Users/michael/.yarn/lib/cli.js:109:13
      at <anonymous>

npm manifest: 
  {
    "name": "backend",
    "devDependencies": {
      "prisma": "^1.18.1"
    }
  }

yarn manifest: 
  No manifest

Lockfile: 
  No lockfile
